c:\users\y6\desktop\evilmorty-master (2)\ept\src\system.dir\release\tcpstream.obj
c:\users\y6\desktop\evilmorty-master (2)\ept\src\system.dir\release\socketstream.obj
c:\users\y6\desktop\evilmorty-master (2)\ept\src\system.dir\release\remoteeventlock.obj
c:\users\y6\desktop\evilmorty-master (2)\ept\src\system.dir\release\ipv4address.obj
c:\users\y6\desktop\evilmorty-master (2)\ept\src\system.dir\release\interruptedexception.obj
c:\users\y6\desktop\evilmorty-master (2)\ept\src\system.dir\release\eventlock.obj
c:\users\y6\desktop\evilmorty-master (2)\ept\src\system.dir\release\event.obj
c:\users\y6\desktop\evilmorty-master (2)\ept\src\system.dir\release\contextgrouptimeout.obj
c:\users\y6\desktop\evilmorty-master (2)\ept\src\system.dir\release\contextgroup.obj
c:\users\y6\desktop\evilmorty-master (2)\ept\src\system.dir\release\timer.obj
c:\users\y6\desktop\evilmorty-master (2)\ept\src\system.dir\release\tcplistener.obj
c:\users\y6\desktop\evilmorty-master (2)\ept\src\system.dir\release\tcpconnector.obj
c:\users\y6\desktop\evilmorty-master (2)\ept\src\system.dir\release\tcpconnection.obj
c:\users\y6\desktop\evilmorty-master (2)\ept\src\system.dir\release\memorymappedfile.obj
c:\users\y6\desktop\evilmorty-master (2)\ept\src\system.dir\release\ipv4resolver.obj
c:\users\y6\desktop\evilmorty-master (2)\ept\src\system.dir\release\errormessage.obj
c:\users\y6\desktop\evilmorty-master (2)\ept\src\system.dir\release\dispatcher.obj
c:\users\y6\desktop\evilmorty-master (2)\ept\src\release\system.lib
c:\users\y6\desktop\evilmorty-master (2)\ept\src\system.dir\release\system.tlog\cl.command.1.tlog
c:\users\y6\desktop\evilmorty-master (2)\ept\src\system.dir\release\system.tlog\cl.read.1.tlog
c:\users\y6\desktop\evilmorty-master (2)\ept\src\system.dir\release\system.tlog\cl.write.1.tlog
c:\users\y6\desktop\evilmorty-master (2)\ept\src\system.dir\release\system.tlog\lib-link.read.1.tlog
c:\users\y6\desktop\evilmorty-master (2)\ept\src\system.dir\release\system.tlog\lib-link.write.1.tlog
c:\users\y6\desktop\evilmorty-master (2)\ept\src\system.dir\release\system.tlog\lib.command.1.tlog
